Wed 20 Mar 2024 07:12:02 PM UTC: 
 tests:  0|5
total_score: 0/70
ef1257c
Wed 20 Mar 2024 07:25:09 PM UTC: 
 exercises.c | 11 ++++++++++-
 1 file changed, 10 insertions(+), 1 deletion(-)
In file included from test.c:5:
exercises.c: In function ‘crea_lista’:
exercises.c:51:7: error: implicit declaration of function ‘push_back’; did you mean ‘pushBack’? [-Werror=implicit-function-declaration]
   51 |       push_back(L, dato);
      |       ^~~~~~~~~
      |       pushBack
cc1: all warnings being treated as errors
Compilation failed
eefb308
Wed 20 Mar 2024 07:25:28 PM UTC: 
 exercises.c | 2 +-
 1 file changed, 1 insertion(+), 1 deletion(-)
 tests:  1|4
total_score: 10/70
4829d43
Wed 20 Mar 2024 07:37:01 PM UTC: 
 exercises.c | 17 +++++++++++++++--
 1 file changed, 15 insertions(+), 2 deletions(-)
 tests:  2|3
total_score: 20/70
88353e7
Wed 20 Mar 2024 07:43:52 PM UTC: 
 exercises.c | 13 ++++++++++++-
 1 file changed, 12 insertions(+), 1 deletion(-)
 tests:  3|2
total_score: 40/70
a129cba
Wed 20 Mar 2024 08:14:24 PM UTC: 
 exercises.c | 16 ++++++++++++++--
 1 file changed, 14 insertions(+), 2 deletions(-)
 tests:  3|2
total_score: 40/70
49428eb
Wed 20 Mar 2024 08:26:29 PM UTC: 
 exercises.c | 12 ++++++++++--
 1 file changed, 10 insertions(+), 2 deletions(-)
 tests:  3|2
total_score: 40/70
4d84374
Wed 20 Mar 2024 08:27:13 PM UTC: 
 exercises.c | 4 ++--
 1 file changed, 2 insertions(+), 2 deletions(-)
 tests:  3|2
total_score: 40/70
6d09911
Wed 20 Mar 2024 08:27:25 PM UTC: 
 exercises.c | 2 +-
 1 file changed, 1 insertion(+), 1 deletion(-)
 tests:  3|2
total_score: 40/70
384f58f
Wed 20 Mar 2024 08:27:47 PM UTC: 
 exercises.c | 4 ++--
 1 file changed, 2 insertions(+), 2 deletions(-)
 tests:  3|2
total_score: 40/70
8f87c54
Wed 20 Mar 2024 08:28:37 PM UTC: 
 exercises.c | 2 +-
 1 file changed, 1 insertion(+), 1 deletion(-)
In file included from test.c:5:
exercises.c: In function ‘copia_pila’:
exercises.c:110:10: error: unused variable ‘P3’ [-Werror=unused-variable]
  110 |   Stack* P3 = create_stack();
      |          ^~
cc1: all warnings being treated as errors
Compilation failed
1501502
Wed 20 Mar 2024 08:28:46 PM UTC: 
 exercises.c | 2 +-
 1 file changed, 1 insertion(+), 1 deletion(-)
 tests:  3|2
total_score: 40/70
5199095
Wed 20 Mar 2024 08:29:50 PM UTC: 
 exercises.c | 5 +++--
 1 file changed, 3 insertions(+), 2 deletions(-)
In file included from test.c:5:
exercises.c: In function ‘copia_pila’:
exercises.c:110:10: error: unused variable ‘P3’ [-Werror=unused-variable]
  110 |   Stack* P3 = create_stack();
      |          ^~
cc1: all warnings being treated as errors
Compilation failed
4edd97a
Wed 20 Mar 2024 08:32:58 PM UTC: 
 exercises.c | 10 ++++++----
 1 file changed, 6 insertions(+), 4 deletions(-)
 tests:  4|1
total_score: 50/70
d841c1b
Wed 20 Mar 2024 08:40:40 PM UTC: 
 exercises.c | 22 ++++++++++++++++++++--
 1 file changed, 20 insertions(+), 2 deletions(-)
 tests:  0|0
0910f04
Wed 20 Mar 2024 08:41:13 PM UTC: 
 exercises.c | 14 ++++++++------
 1 file changed, 8 insertions(+), 6 deletions(-)
 tests:  0|0
e734744
Wed 20 Mar 2024 08:42:49 PM UTC: 
 exercises.c | 4 ----
 1 file changed, 4 deletions(-)
In file included from test.c:5:
exercises.c: In function ‘parentesisBalanceados’:
exercises.c:160:1: error: control reaches end of non-void function [-Werror=return-type]
  160 | }
      | ^
cc1: all warnings being treated as errors
Compilation failed
326c2ac
Wed 20 Mar 2024 08:43:01 PM UTC: 
 exercises.c | 2 +-
 1 file changed, 1 insertion(+), 1 deletion(-)
In file included from test.c:5:
exercises.c: In function ‘parentesisBalanceados’:
exercises.c:159:11: error: expected ‘;’ before ‘}’ token
  159 |   return 1
      |           ^
      |           ;
  160 | }
      | ~          
Compilation failed
b7a4713
Wed 20 Mar 2024 08:43:06 PM UTC: 
 exercises.c | 2 +-
 1 file changed, 1 insertion(+), 1 deletion(-)
 tests:  0|0
a1ba6a2
Wed 20 Mar 2024 08:44:44 PM UTC: 
 exercises.c | 3 +++
 1 file changed, 3 insertions(+)
 tests:  4|1
total_score: 50/70
6574c91
Wed 20 Mar 2024 08:45:17 PM UTC: 
 exercises.c | 2 +-
 1 file changed, 1 insertion(+), 1 deletion(-)
 tests:  4|1
total_score: 50/70
0c8c062
Wed 20 Mar 2024 08:45:51 PM UTC: 
 exercises.c | 2 +-
 1 file changed, 1 insertion(+), 1 deletion(-)
 tests:  4|1
total_score: 50/70
e94e3d3
Wed 20 Mar 2024 08:47:37 PM UTC: 
 exercises.c | 4 ++--
 1 file changed, 2 insertions(+), 2 deletions(-)
In file included from test.c:5:
exercises.c: In function ‘parentesisBalanceados’:
exercises.c:139:28: error: expected expression before ‘||’ token
  139 |       if(cadena[i] == '(') || cadena[i] == '[' || cadena[i] == '{')
      |                            ^~
exercises.c:139:7: error: this ‘if’ clause does not guard... [-Werror=misleading-indentation]
  139 |       if(cadena[i] == '(') || cadena[i] == '[' || cadena[i] == '{')
      |       ^~
exercises.c:139:67: note: ...this statement, but the latter is misleadingly indented as if it were guarded by the ‘if’
  139 |       if(cadena[i] == '(') || cadena[i] == '[' || cadena[i] == '{')
      |                                                                   ^
exercises.c:139:67: error: expected statement before ‘)’ token
exercises.c:143:7: error: ‘else’ without a previous ‘if’
  143 |       else
      |       ^~~~
exercises.c:145:30: error: expected expression before ‘||’ token
  145 |         if(cadena[i] == ')') || cadena[i] == ']' || cadena[i] == '}')
      |                              ^~
exercises.c:145:9: error: this ‘if’ clause does not guard... [-Werror=misleading-indentation]
  145 |         if(cadena[i] == ')') || cadena[i] == ']' || cadena[i] == '}')
      |         ^~
exercises.c:145:69: note: ...this statement, but the latter is misleadingly indented as if it were guarded by the ‘if’
  145 |         if(cadena[i] == ')') || cadena[i] == ']' || cadena[i] == '}')
      |                                                                     ^
exercises.c:145:69: error: expected statement before ‘)’ token
cc1: all warnings being treated as errors
Compilation failed
1abc96c
Wed 20 Mar 2024 08:49:04 PM UTC: 
 exercises.c | 2 +-
 1 file changed, 1 insertion(+), 1 deletion(-)
In file included from test.c:5:
exercises.c: In function ‘parentesisBalanceados’:
exercises.c:139:28: error: expected expression before ‘||’ token
  139 |       if(cadena[i] == '(') || cadena[i] == '[' || cadena[i] == '{')
      |                            ^~
exercises.c:139:7: error: this ‘if’ clause does not guard... [-Werror=misleading-indentation]
  139 |       if(cadena[i] == '(') || cadena[i] == '[' || cadena[i] == '{')
      |       ^~
exercises.c:139:67: note: ...this statement, but the latter is misleadingly indented as if it were guarded by the ‘if’
  139 |       if(cadena[i] == '(') || cadena[i] == '[' || cadena[i] == '{')
      |                                                                   ^
exercises.c:139:67: error: expected statement before ‘)’ token
exercises.c:143:7: error: ‘else’ without a previous ‘if’
  143 |       else
      |       ^~~~
exercises.c:145:30: error: expected expression before ‘||’ token
  145 |         if(cadena[i] == ')') || cadena[i] == ']' || cadena[i] == '}')
      |                              ^~
exercises.c:145:9: error: this ‘if’ clause does not guard... [-Werror=misleading-indentation]
  145 |         if(cadena[i] == ')') || cadena[i] == ']' || cadena[i] == '}')
      |         ^~
exercises.c:145:69: note: ...this statement, but the latter is misleadingly indented as if it were guarded by the ‘if’
  145 |         if(cadena[i] == ')') || cadena[i] == ']' || cadena[i] == '}')
      |                                                                     ^
exercises.c:145:69: error: expected statement before ‘)’ token
cc1: all warnings being treated as errors
Compilation failed
aa3256b
Wed 20 Mar 2024 08:49:22 PM UTC: 
 exercises.c | 4 ++--
 1 file changed, 2 insertions(+), 2 deletions(-)
 tests:  4|1
total_score: 50/70
3c35944
Wed 20 Mar 2024 08:49:43 PM UTC: 
 exercises.c | 6 +++---
 1 file changed, 3 insertions(+), 3 deletions(-)
 tests:  7|1
total_score: 60/70
e28cf1c
Wed 20 Mar 2024 08:50:21 PM UTC: 
 exercises.c | 2 +-
 1 file changed, 1 insertion(+), 1 deletion(-)
 tests:  7|1
total_score: 60/70
8038311
Wed 20 Mar 2024 08:50:32 PM UTC: 
 exercises.c | 2 +-
 1 file changed, 1 insertion(+), 1 deletion(-)
 tests:  4|1
total_score: 50/70
591a8b0
Wed 20 Mar 2024 08:50:41 PM UTC: 
 exercises.c | 4 ++--
 1 file changed, 2 insertions(+), 2 deletions(-)
 tests:  7|1
total_score: 60/70
f601fad
Wed 20 Mar 2024 08:54:07 PM UTC: 
 exercises.c | 2 +-
 1 file changed, 1 insertion(+), 1 deletion(-)
 tests:  4|1
total_score: 50/70
fe9061a
Wed 20 Mar 2024 08:54:17 PM UTC: 
 exercises.c | 2 +-
 1 file changed, 1 insertion(+), 1 deletion(-)
 tests:  7|1
total_score: 60/70
1398a31
Wed 20 Mar 2024 08:57:17 PM UTC: 
 exercises.c | 5 ++++-
 1 file changed, 4 insertions(+), 1 deletion(-)
 tests:  7|1
total_score: 60/70
3e23700
Wed 20 Mar 2024 08:57:47 PM UTC: 
 exercises.c | 2 +-
 1 file changed, 1 insertion(+), 1 deletion(-)
 tests:  5|1
total_score: 50/70
3c95424
Wed 20 Mar 2024 08:58:47 PM UTC: 
 exercises.c | 6 +++++-
 1 file changed, 5 insertions(+), 1 deletion(-)
 tests:  7|1
total_score: 60/70
eca1b51
Wed 20 Mar 2024 08:59:00 PM UTC: 
 exercises.c | 1 -
 1 file changed, 1 deletion(-)
 tests:  7|1
total_score: 60/70
6677450
Wed 20 Mar 2024 09:06:05 PM UTC: 
 exercises.c | 2 +-
 1 file changed, 1 insertion(+), 1 deletion(-)
In file included from test.c:5:
exercises.c: In function ‘parentesisBalanceados’:
exercises.c:141:23: error: passing argument 2 of ‘push’ makes pointer from integer without a cast [-Werror=int-conversion]
  141 |         push(P, cadena[i]);
      |                 ~~~~~~^~~
      |                       |
      |                       char
In file included from exercises.c:7,
                 from test.c:5:
stack.h:11:31: note: expected ‘void *’ but argument is of type ‘char’
   11 | void push(Stack *stack, void *data) { pushFront(stack, data); }
      |                         ~~~~~~^~~~
cc1: all warnings being treated as errors
Compilation failed
ff13cf3
